#
# A fatal error has been detected by the Java Runtime Environment:
#
#  SIGBUS (0x7) at pc=0x00007f945292dbd7, pid=15299, tid=140275019187968
#
# JRE version: 6.0_24-b24
# Java VM: OpenJDK 64-Bit Server VM (20.0-b12 mixed mode linux-amd64 compressed oops)
# Derivative: IcedTea6 1.11.5
# Distribution: Ubuntu 12.10, package 6b24-1.11.5-0ubuntu1~12.10.1
# Problematic frame:
# C  [ld-linux-x86-64.so.2+0x9bd7]  _dl_rtld_di_serinfo+0xca7
#
# If you would like to submit a bug report, please include
# instructions how to reproduce the bug and visit:
#   https://bugs.launchpad.net/ubuntu/+source/openjdk-6/
# The crash happened outside the Java Virtual Machine in native code.
# See problematic frame for where to report the bug.
#

---------------  T H R E A D  ---------------

Current thread (0x00007f944c008000):  JavaThread "main" [_thread_in_native, id=15305, stack(0x00007f9452a08000,0x00007f9452b09000)]

siginfo:si_signo=SIGBUS: si_errno=0, si_code=2 (BUS_ADRERR), si_addr=0x00007f9446733c68

Registers:
RAX=0x0000000000000209, RBX=0x0000000000000000, RCX=0x0000000000000000, RDX=0x00007f9446733c60
RSP=0x00007f9452b06a80, RBP=0x0000000000000006, RSI=0x00007f944c12e370, RDI=0x00007f944c2e8d30
R8 =0x0000000000000027, R9 =0x00000000ffffffff, R10=0x0000000000000000, R11=0x00007f9452b06c50
R12=0x00007f944c12e218, R13=0x0000000053caff27, R14=0x0000000000000000, R15=0x00000000014f2bfc
RIP=0x00007f945292dbd7, EFLAGS=0x0000000000010206, CSGSFS=0x0000000000000033, ERR=0x0000000000000004
  TRAPNO=0x000000000000000e

Top of Stack: (sp=0x00007f9452b06a80)
0x00007f9452b06a80:   00007f9452b073b0 00007f94517af848
0x00007f9452b06a90:   00007f9452b07360 00007f94517af6de
0x00007f9452b06aa0:   0000000000000001 00007f9452b073b0
0x00007f9452b06ab0:   00007f9452b06c20 00007f944c005630
0x00007f9452b06ac0:   00007f944c008be8 00007f944c008c20
0x00007f9452b06ad0:   0000000000000000 0000000000000000
0x00007f9452b06ae0:   00007f944c12e370 00007f944c2e8d30
0x00007f9452b06af0:   00007f9452b073b0 0000000000000000
0x00007f9452b06b00:   0000000200000000 000000004c008000
0x00007f9452b06b10:   0000000000000000 00007f944c12e6f8
0x00007f9452b06b20:   00007f9452b06c90 0000000053caff27
0x00007f9452b06b30:   0000000000000000 00007f9452b06d40
0x00007f9452b06b40:   00007f944c12e370 00007f945292e533
0x00007f9452b06b50:   0000000000000000 0000000000000000
0x00007f9452b06b60:   00007f9400000002 0000000000000000
0x00007f9452b06b70:   0000000700000000 00007f944c12e370
0x00007f9452b06b80:   00007f9452b07570 0000000000000000
0x00007f9452b06b90:   00007f944c0081d0 00007f9418064c90
0x00007f9452b06ba0:   0000000000000416 0000000000000000
0x00007f9452b06bb0:   0000000000000000 00007f944c12e6f8
0x00007f9452b06bc0:   000000004c008f30 00007f9451815959
0x00007f9452b06bd0:   00007f944c008f30 00007f944c2e8d30
0x00007f9452b06be0:   00007f9452b06f50 00007f9451824f99
0x00007f9452b06bf0:   0000000000000000 0000000000000000
0x00007f9452b06c00:   0000000000000001 0000000000000000
0x00007f9452b06c10:   00007f9418064e60 00007f944c005630
0x00007f9452b06c20:   0000000000000000 0000000000000000
0x00007f9452b06c30:   00007f9418064e50 0000000000000001
0x00007f9452b06c40:   00007f944c004c50 00007f9418064c80
0x00007f9452b06c50:   00000000ffffffff 0000000000000000
0x00007f9452b06c60:   00007f9452b06c80 00000000015b75f0
0x00007f9452b06c70:   00007f944c12e370 00007f9452b46bc0 

Instructions: (pc=0x00007f945292dbd7)
0x00007f945292dbb7:   00 f6 05 01 90 21 00 08 0f 85 4e 05 00 00 8b 86
0x00007f945292dbc7:   ec 02 00 00 85 c0 0f 84 bd 00 00 00 48 8b 56 70
0x00007f945292dbd7:   48 8b 52 08 48 89 54 24 28 48 8b 56 68 48 8b 52
0x00007f945292dbe7:   08 48 89 54 24 70 48 8b 96 f8 02 00 00 48 85 d2 

Register to memory mapping:

RAX=0x0000000000000209 is an unknown value
RBX=0x0000000000000000 is an unknown value
RCX=0x0000000000000000 is an unknown value
RDX=